<?xml version="1.0" encoding="UTF-8"?>
<!-- Generated by org.testng.reporters.JUnitXMLReporter -->
<testsuite ignored="0" hostname="DESKTOP-GVIFE8M" failures="0" tests="2" name="LoginModule" time="16.819" errors="0" timestamp="2021-01-19T13:08:56 BDT">
  <testcase classname="com.bitmLeads.FinalSubmission.Test.LoginTest" name="homepagetitleverify" time="10.406"/>
  <testcase classname="com.bitmLeads.FinalSubmission.Test.LoginTest" name="logintest" time="3.827"/>
</testsuite> <!-- LoginModule -->
