<?xml version="1.0" encoding="UTF-8"?>
<!-- Generated by org.testng.reporters.JUnitXMLReporter -->
<testsuite ignored="0" hostname="DESKTOP-GVIFE8M" failures="0" tests="2" name="Default test" time="11.242" errors="0" timestamp="2021-01-19T12:38:20 BDT">
  <testcase classname="com.bitmLeads.FinalSubmission.Test.LoginTest" name="homepagetitleverify" time="10.266"/>
  <testcase classname="com.bitmLeads.FinalSubmission.Test.LoginTest" name="logintest" time="0.933"/>
</testsuite> <!-- Default test -->
